<?xml version="1.0" encoding="UTF-8"?>
<!-- Generated by org.testng.reporters.JUnitXMLReporter -->
<testsuite ignored="0" hostname="LTIN520817" failures="0" tests="3" name="Default test" time="24.407" errors="0" timestamp="2024-04-25T15:43:07 IST">
  <testcase classname="day39.NopCommerce" name="testLogo" time="0.12"/>
  <testcase classname="day39.NopCommerce" name="testLogin" time="8.466"/>
  <testcase classname="day39.NopCommerce" name="testLogout" time="4.456"/>
</testsuite> <!-- Default test -->
