<?xml version="1.0" encoding="UTF-8"?>
<!-- Generated by org.testng.reporters.JUnitXMLReporter -->
<testsuite ignored="0" hostname="LTIN520817" failures="1" tests="3" name="Test" time="0.25" errors="0" timestamp="2024-04-25T15:02:12 IST">
  <testcase classname="day39.MyTest" name="test1" time="0.041"/>
  <testcase classname="day39.MyTest" name="test2" time="0.006">
    <failure type="java.lang.AssertionError" message="expected [B] but found [A]">
      <![CDATA[java.lang.AssertionError: expected [B] but found [A]
at day39.MyTest.test2(MyTest.java:15)
at java.base/java.util.ArrayList.forEach(ArrayList.java:1511)
... Removed 33 stack frames]]>
    </failure>
  </testcase> <!-- test2 -->
  <testcase classname="day39.MyTest" name="teat3" time="0.0">
    <skipped/>
  </testcase> <!-- teat3 -->
</testsuite> <!-- Test -->
